c:\users\lando\documents\github\voxdrive\voxdrive\builds\visualstudio2019\x64\release\shared code\include_juce_audio_utils.obj
c:\users\lando\documents\github\voxdrive\voxdrive\builds\visualstudio2019\x64\release\shared code\include_juce_graphics.obj
c:\users\lando\documents\github\voxdrive\voxdrive\builds\visualstudio2019\x64\release\shared code\include_juce_audio_formats.obj
c:\users\lando\documents\github\voxdrive\voxdrive\builds\visualstudio2019\x64\release\shared code\include_juce_audio_processors.obj
c:\users\lando\documents\github\voxdrive\voxdrive\builds\visualstudio2019\x64\release\shared code\include_juce_audio_basics.obj
c:\users\lando\documents\github\voxdrive\voxdrive\builds\visualstudio2019\x64\release\shared code\include_juce_audio_plugin_client_utils.obj
c:\users\lando\documents\github\voxdrive\voxdrive\builds\visualstudio2019\x64\release\shared code\include_juce_events.obj
c:\users\lando\documents\github\voxdrive\voxdrive\builds\visualstudio2019\x64\release\shared code\include_juce_gui_extra.obj
c:\users\lando\documents\github\voxdrive\voxdrive\builds\visualstudio2019\x64\release\shared code\include_juce_dsp.obj
c:\users\lando\documents\github\voxdrive\voxdrive\builds\visualstudio2019\x64\release\shared code\include_juce_data_structures.obj
c:\users\lando\documents\github\voxdrive\voxdrive\builds\visualstudio2019\x64\release\shared code\binarydata.obj
c:\users\lando\documents\github\voxdrive\voxdrive\builds\visualstudio2019\x64\release\shared code\include_juce_core.obj
c:\users\lando\documents\github\voxdrive\voxdrive\builds\visualstudio2019\x64\release\shared code\include_juce_audio_devices.obj
c:\users\lando\documents\github\voxdrive\voxdrive\builds\visualstudio2019\x64\release\shared code\binarydata2.obj
c:\users\lando\documents\github\voxdrive\voxdrive\builds\visualstudio2019\x64\release\shared code\settingsbuttonlogic.obj
c:\users\lando\documents\github\voxdrive\voxdrive\builds\visualstudio2019\x64\release\shared code\globals.obj
c:\users\lando\documents\github\voxdrive\voxdrive\builds\visualstudio2019\x64\release\shared code\colorbuttonlaf.obj
c:\users\lando\documents\github\voxdrive\voxdrive\builds\visualstudio2019\x64\release\shared code\labellaf.obj
c:\users\lando\documents\github\voxdrive\voxdrive\builds\visualstudio2019\x64\release\shared code\menusliderlaf.obj
c:\users\lando\documents\github\voxdrive\voxdrive\builds\visualstudio2019\x64\release\shared code\settingsbuttonlaf.obj
c:\users\lando\documents\github\voxdrive\voxdrive\builds\visualstudio2019\x64\release\shared code\togglebuttonlaf.obj
c:\users\lando\documents\github\voxdrive\voxdrive\builds\visualstudio2019\x64\release\shared code\discordcomp.obj
c:\users\lando\documents\github\voxdrive\voxdrive\builds\visualstudio2019\x64\release\shared code\mastercolorcomp.obj
c:\users\lando\documents\github\voxdrive\voxdrive\builds\visualstudio2019\x64\release\shared code\patreoncomp.obj
c:\users\lando\documents\github\voxdrive\voxdrive\builds\visualstudio2019\x64\release\shared code\twitchcomp.obj
c:\users\lando\documents\github\voxdrive\voxdrive\builds\visualstudio2019\x64\release\shared code\settingspage.obj
c:\users\lando\documents\github\voxdrive\voxdrive\builds\visualstudio2019\x64\release\shared code\voxdistortion.obj
c:\users\lando\documents\github\voxdrive\voxdrive\builds\visualstudio2019\x64\release\shared code\parameters.obj
c:\users\lando\documents\github\voxdrive\voxdrive\builds\visualstudio2019\x64\release\shared code\pluginprocessor.obj
c:\users\lando\documents\github\voxdrive\voxdrive\builds\visualstudio2019\x64\release\shared code\include_viator_modules.obj
c:\users\lando\documents\github\voxdrive\voxdrive\builds\visualstudio2019\x64\release\shared code\binarydata3.obj
c:\users\lando\documents\github\voxdrive\voxdrive\builds\visualstudio2019\x64\release\shared code\binarydata4.obj
c:\users\lando\documents\github\voxdrive\voxdrive\builds\visualstudio2019\x64\release\shared code\binarydata5.obj
c:\users\lando\documents\github\voxdrive\voxdrive\builds\visualstudio2019\x64\release\shared code\headercomponent.obj
c:\users\lando\documents\github\voxdrive\voxdrive\builds\visualstudio2019\x64\release\shared code\oversamplingmenu.obj
c:\users\lando\documents\github\voxdrive\voxdrive\builds\visualstudio2019\x64\release\shared code\plugineditor.obj
c:\users\lando\documents\github\voxdrive\voxdrive\builds\visualstudio2019\x64\release\shared code\ui-constructor.obj
c:\users\lando\documents\github\voxdrive\voxdrive\builds\visualstudio2019\x64\release\shared code\ui-initwindow.obj
c:\users\lando\documents\github\voxdrive\voxdrive\builds\visualstudio2019\x64\release\shared code\ui-paint.obj
c:\users\lando\documents\github\voxdrive\voxdrive\builds\visualstudio2019\x64\release\shared code\ui-resized.obj
c:\users\lando\documents\github\voxdrive\voxdrive\builds\visualstudio2019\x64\release\shared code\ui-savewindow.obj
c:\users\lando\documents\github\voxdrive\voxdrive\builds\visualstudio2019\x64\release\shared code\voxdrive.pdb
c:\users\lando\documents\github\voxdrive\voxdrive\builds\visualstudio2019\x64\release\shared code\voxdrive.13184c70.tlog\cl.10696.write.1.tlog
c:\users\lando\documents\github\voxdrive\voxdrive\builds\visualstudio2019\x64\release\shared code\voxdrive.13184c70.tlog\cl.command.1.tlog
c:\users\lando\documents\github\voxdrive\voxdrive\builds\visualstudio2019\x64\release\shared code\voxdrive.13184c70.tlog\cl.read.1.tlog
