  HeaderComponent.cpp
C:\Users\lando\Documents\GitHub\viatordsp\viator_modules\viator_utils\utils.h(33,1): warning C4244: '*=': conversion from 'double' to 'float', possible loss of data
C:\Users\lando\Documents\GitHub\viatordsp\viator_modules\viator_gui\Widgets\Fader.h(54,56): warning C4100: 'event': unreferenced formal parameter
C:\Users\lando\Documents\GitHub\viatordsp\viator_modules\viator_gui\Widgets\PushButton.h(24,1): warning C4305: 'argument': truncation from 'double' to 'float'
C:\Users\lando\Documents\GitHub\viatordsp\viator_modules\viator_gui\Widgets\PushButton.h(28,1): warning C4305: 'argument': truncation from 'double' to 'float'
C:\Users\lando\Documents\GitHub\VoxDrive\VoxDrive\Source\DSP\VoxDistortion.h(98,1): warning C4305: 'initializing': truncation from 'double' to 'const float'
C:\Users\lando\Documents\GitHub\VoxDrive\VoxDrive\Source\PluginProcessor.h(79): message : see reference to class template instantiation 'VoxDistortion<float>' being compiled
C:\Users\lando\Documents\GitHub\VoxDrive\VoxDrive\Source\PluginProcessor.h(76,106): warning C4244: 'return': conversion from 'int' to 'float', possible loss of data
C:\Users\lando\Documents\GitHub\VoxDrive\VoxDrive\Source\UI-Components\HeaderComponent.cpp(23,59): warning C4244: 'argument': conversion from 'int' to 'ValueType', possible loss of data
          with
          [
              ValueType=float
          ]
C:\Users\lando\Documents\GitHub\VoxDrive\VoxDrive\Source\UI-Components\HeaderComponent.cpp(23,46): warning C4244: 'argument': conversion from 'int' to 'ValueType', possible loss of data
          with
          [
              ValueType=float
          ]
C:\Users\lando\Documents\GitHub\VoxDrive\VoxDrive\Source\UI-Components\HeaderComponent.cpp(33,35): warning C4244: 'argument': conversion from 'float' to 'int', possible loss of data
C:\Users\lando\Documents\GitHub\VoxDrive\VoxDrive\Source\UI-Components\HeaderComponent.cpp(32,34): warning C4244: 'argument': conversion from 'float' to 'int', possible loss of data
C:\Users\lando\Documents\GitHub\VoxDrive\VoxDrive\Source\UI-Components\HeaderComponent.cpp(31,35): warning C4244: 'argument': conversion from 'float' to 'int', possible loss of data
C:\Users\lando\Documents\GitHub\VoxDrive\VoxDrive\Source\UI-Components\HeaderComponent.cpp(30,34): warning C4244: 'argument': conversion from 'float' to 'int', possible loss of data
C:\Users\lando\Documents\GitHub\VoxDrive\VoxDrive\Source\UI-Components\HeaderComponent.cpp(39,96): warning C4244: 'argument': conversion from 'float' to 'int', possible loss of data
C:\Users\lando\Documents\GitHub\VoxDrive\VoxDrive\Source\UI-Components\HeaderComponent.cpp(39,76): warning C4244: 'argument': conversion from 'float' to 'int', possible loss of data
C:\Users\lando\Documents\GitHub\VoxDrive\VoxDrive\Source\UI-Components\HeaderComponent.cpp(39,57): warning C4244: 'argument': conversion from 'float' to 'int', possible loss of data
C:\Users\lando\Documents\GitHub\VoxDrive\VoxDrive\Source\UI-Components\HeaderComponent.cpp(39,35): warning C4244: 'argument': conversion from 'float' to 'int', possible loss of data
C:\Users\lando\Documents\GitHub\VoxDrive\VoxDrive\Source\UI-Components\HeaderComponent.cpp(43,53): warning C4244: 'argument': conversion from 'int' to 'float', possible loss of data
C:\Users\lando\Documents\GitHub\VoxDrive\VoxDrive\Source\UI-Components\HeaderComponent.cpp(43,40): warning C4244: 'argument': conversion from 'int' to 'float', possible loss of data
C:\Users\lando\Documents\GitHub\VoxDrive\VoxDrive\Source\UI-Components\HeaderComponent.cpp(43,28): warning C4244: 'argument': conversion from 'int' to 'float', possible loss of data
C:\Users\lando\Documents\GitHub\VoxDrive\VoxDrive\Source\UI-Components\HeaderComponent.cpp(52,53): warning C4244: 'argument': conversion from 'float' to 'int', possible loss of data
C:\Users\lando\Documents\GitHub\VoxDrive\VoxDrive\Source\UI-Components\HeaderComponent.cpp(52,46): warning C4244: 'argument': conversion from 'float' to 'int', possible loss of data
C:\Users\lando\Documents\GitHub\VoxDrive\VoxDrive\Source\UI-Components\HeaderComponent.cpp(52,43): warning C4244: 'argument': conversion from 'float' to 'int', possible loss of data
C:\Users\lando\Documents\GitHub\VoxDrive\VoxDrive\Source\UI-Components\HeaderComponent.cpp(52,40): warning C4244: 'argument': conversion from 'float' to 'int', possible loss of data
C:\Users\lando\Documents\GitHub\VoxDrive\VoxDrive\Source\UI-Components\HeaderComponent.cpp(63,73): warning C4244: 'argument': conversion from 'double' to 'int', possible loss of data
C:\Users\lando\Documents\GitHub\VoxDrive\VoxDrive\Source\UI-Components\HeaderComponent.cpp(63,60): warning C4244: 'argument': conversion from 'double' to 'int', possible loss of data
C:\Users\lando\Documents\GitHub\VoxDrive\VoxDrive\Source\UI-Components\HeaderComponent.cpp(63,43): warning C4244: 'argument': conversion from 'float' to 'int', possible loss of data
C:\Users\lando\Documents\GitHub\VoxDrive\VoxDrive\Source\UI-Components\HeaderComponent.cpp(63,30): warning C4244: 'argument': conversion from 'double' to 'int', possible loss of data
C:\Users\lando\Documents\GitHub\VoxDrive\VoxDrive\Source\UI-Components\HeaderComponent.cpp(61,10): warning C4189: 'spaceBetween': local variable is initialized but not referenced
Parameters.obj : warning LNK4006: "public: void __cdecl VoxDriveAudioProcessor::updateParameters(void)" (?updateParameters@VoxDriveAudioProcessor@@QEAAXXZ) already defined in PluginProcessor.obj; second definition ignored
  VoxDrive_SharedCode.vcxproj -> C:\Users\lando\Documents\GitHub\VoxDrive\VoxDrive\Builds\VisualStudio2019\x64\Release\Shared Code\VoxDrive.lib
